########### array before sorts ###########
0	-61.222000	43.586400	22.941600	43.586400	n
1	22.941600	43.586400	22.941600	86.519000	n
2	22.941600	86.519000	-61.298200	86.442800	n
3	-61.298200	86.442800	-61.222000	43.586400	n
Tolerance=0.050000.
*Exact match for i=0 and j=1.
*i point -61.222000	43.586400	22.941600	43.586400	y
*Exact match for i=1 and j=2.
*i point 22.941600	43.586400	22.941600	86.519000	y
*Exact match for i=2 and j=3.
*i point 22.941600	86.519000	-61.298200	86.442800	y
########### array after sorts ###########
0	-61.222000	43.586400	22.941600	43.586400	y
1	22.941600	43.586400	22.941600	86.519000	y
2	22.941600	86.519000	-61.298200	86.442800	y
3	-61.298200	86.442800	-61.222000	43.586400	y
***************
.BOARD_OUTLINE UNOWNED
1.6
0     -61.222000     43.586400     0
0     22.941600     43.586400     0
0     22.941600     86.519000     0
0     -61.298200     86.442800     0
0     -61.222000     43.586400     0
